Determining if the pthread_create exist failed with the following output:
Change Dir: /home/charlesjo/ap/jenkinsTestApp/build/CMakeFiles/CMakeTmp

Run Build Command:"/usr/bin/make" "cmTC_db419/fast"
/usr/bin/make -f CMakeFiles/cmTC_db419.dir/build.make CMakeFiles/cmTC_db419.dir/build
make[1]: Entering directory '/home/charlesjo/ap/jenkinsTestApp/build/CMakeFiles/CMakeTmp'
Building C object CMakeFiles/cmTC_db419.dir/CheckSymbolExists.c.o
/usr/bin/cc    -o CMakeFiles/cmTC_db419.dir/CheckSymbolExists.c.o   -c /home/charlesjo/ap/jenkinsTestApp/build/CMakeFiles/CMakeTmp/CheckSymbolExists.c
Linking C executable cmTC_db419
/opt/Xilinx/SDK/2019.1/tps/lnx64/cmake-3.3.2/bin/cmake -E cmake_link_script CMakeFiles/cmTC_db419.dir/link.txt --verbose=1
/usr/bin/cc       CMakeFiles/cmTC_db419.dir/CheckSymbolExists.c.o  -o cmTC_db419 -rdynamic 
CMakeFiles/cmTC_db419.dir/CheckSymbolExists.c.o: In function `main':
CheckSymbolExists.c:(.text+0x1b): undefined reference to `pthread_create'
collect2: error: ld returned 1 exit status
CMakeFiles/cmTC_db419.dir/build.make:97: recipe for target 'cmTC_db419' failed
make[1]: Leaving directory '/home/charlesjo/ap/jenkinsTestApp/build/CMakeFiles/CMakeTmp'
make[1]: *** [cmTC_db419] Error 1
Makefile:126: recipe for target 'cmTC_db419/fast' failed
make: *** [cmTC_db419/fast] Error 2

File /home/charlesjo/ap/jenkinsTestApp/build/CMakeFiles/CMakeTmp/CheckSymbolExists.c:
/* */
#include <pthread.h>

int main(int argc, char** argv)
{
  (void)argv;
#ifndef pthread_create
  return ((int*)(&pthread_create))[argc];
#else
  (void)argc;
  return 0;
#endif
}

Determining if the function pthread_create exists in the pthreads failed with the following output:
Change Dir: /home/charlesjo/ap/jenkinsTestApp/build/CMakeFiles/CMakeTmp

Run Build Command:"/usr/bin/make" "cmTC_03714/fast"
/usr/bin/make -f CMakeFiles/cmTC_03714.dir/build.make CMakeFiles/cmTC_03714.dir/build
make[1]: Entering directory '/home/charlesjo/ap/jenkinsTestApp/build/CMakeFiles/CMakeTmp'
Building C object CMakeFiles/cmTC_03714.dir/CheckFunctionExists.c.o
/usr/bin/cc   -DCHECK_FUNCTION_EXISTS=pthread_create   -o CMakeFiles/cmTC_03714.dir/CheckFunctionExists.c.o   -c /opt/Xilinx/SDK/2019.1/tps/lnx64/cmake-3.3.2/share/cmake-3.3/Modules/CheckFunctionExists.c
Linking C executable cmTC_03714
/opt/Xilinx/SDK/2019.1/tps/lnx64/cmake-3.3.2/bin/cmake -E cmake_link_script CMakeFiles/cmTC_03714.dir/link.txt --verbose=1
/usr/bin/cc   -DCHECK_FUNCTION_EXISTS=pthread_create    CMakeFiles/cmTC_03714.dir/CheckFunctionExists.c.o  -o cmTC_03714 -rdynamic -lpthreads 
/usr/bin/ld: cannot find -lpthreads
collect2: error: ld returned 1 exit status
CMakeFiles/cmTC_03714.dir/build.make:97: recipe for target 'cmTC_03714' failed
make[1]: *** [cmTC_03714] Error 1
make[1]: Leaving directory '/home/charlesjo/ap/jenkinsTestApp/build/CMakeFiles/CMakeTmp'
Makefile:126: recipe for target 'cmTC_03714/fast' failed
make: *** [cmTC_03714/fast] Error 2


